<?xml version="1.0" encoding="UTF-8"?>
<testsuite name="com.wasniowski.selenium.GalaxyShop" tests="1" skipped="0" failures="0" errors="0" timestamp="2022-11-14T21:05:58" hostname="NBWASNIOWSKI" time="12.486">
  <properties/>
  <testcase name="buyAndPayFirstProduct()" classname="com.wasniowski.selenium.GalaxyShop" time="12.486"/>
  <system-out><![CDATA[]]></system-out>
  <system-err><![CDATA[SLF4J: No SLF4J providers were found.
SLF4J: Defaulting to no-operation (NOP) logger implementation
SLF4J: See https://www.slf4j.org/codes.html#noProviders for further details.
Starting ChromeDriver 107.0.5304.62 (1eec40d3a5764881c92085aaee66d25075c159aa-refs/branch-heads/5304@{#942}) on port 17903
Only local connections are allowed.
Please see https://chromedriver.chromium.org/security-considerations for suggestions on keeping ChromeDriver safe.
ChromeDriver was started successfully.
]]></system-err>
</testsuite>
